<?xml version="1.0" encoding="UTF-8"?>
<testsuite name="UserTest" skipped="0" failures="0" errors="0" tests="12" assertions="20" time="0.07472099969163537">
  <testcase name="test_email_address_should_be_unique" classname="UserTest" assertions="1" time="0.006712999660521746">
  </testcase>
  <testcase name="test_email_validation_should_reject_invalid_address" classname="UserTest" assertions="5" time="0.010251000057905912">
  </testcase>
  <testcase name="test_email_validation_should_accept_valid_addresses" classname="UserTest" assertions="5" time="0.005874999798834324">
  </testcase>
  <testcase name="test_email_should_be_present" classname="UserTest" assertions="1" time="0.004166000057011843">
  </testcase>
  <testcase name="test_name_should_not_be_too_long" classname="UserTest" assertions="1" time="0.00457899970933795">
  </testcase>
  <testcase name="test_should_be_valid" classname="UserTest" assertions="1" time="0.004728999920189381">
  </testcase>
  <testcase name="test_email_should_not_be_too_long" classname="UserTest" assertions="1" time="0.003438000101596117">
  </testcase>
  <testcase name="test_password_should_be_present_(nonblank)" classname="UserTest" assertions="1" time="0.006810000166296959">
  </testcase>
  <testcase name="test_email_address_should_be_saved_as_lower-case" classname="UserTest" assertions="1" time="0.008535000029951334">
  </testcase>
  <testcase name="test_name_should_be_present" classname="UserTest" assertions="1" time="0.009986000135540962">
  </testcase>
  <testcase name="test_authenticated?_should_return_false_for_a_user_with_nil_digest" classname="UserTest" assertions="1" time="0.0030479999259114265">
  </testcase>
  <testcase name="test_password_should_have_a_minimum_length" classname="UserTest" assertions="1" time="0.0065910001285374165">
  </testcase>
</testsuite>
