<?xml version="1.0" encoding="UTF-8"?>
<testsuite name="UsersLoginTest" skipped="0" failures="0" errors="0" tests="5" assertions="24" time="0.06550099985906854">
  <testcase name="test_login_with_invalid_information" classname="UsersLoginTest" assertions="4" time="0.013127999962307513">
  </testcase>
  <testcase name="test_login_without_remembering" classname="UsersLoginTest" assertions="1" time="0.004574999969918281">
  </testcase>
  <testcase name="test_login_with_valid_information_followed_by_logout" classname="UsersLoginTest" assertions="12" time="0.022597000002861023">
  </testcase>
  <testcase name="test_login_with_remembering" classname="UsersLoginTest" assertions="1" time="0.009634999965783209">
  </testcase>
  <testcase name="test_login_with_valid_information" classname="UsersLoginTest" assertions="6" time="0.015565999958198518">
  </testcase>
</testsuite>
