<?xml version="1.0" encoding="UTF-8"?>
<testsuite name="StaticPagesControllerTest" skipped="0" failures="0" errors="0" tests="3" assertions="6" time="0.603372999932617">
  <testcase name="test_should_get_about" classname="StaticPagesControllerTest" assertions="2" time="0.5915029998868704">
  </testcase>
  <testcase name="test_should_get_home" classname="StaticPagesControllerTest" assertions="2" time="0.006280000088736415">
  </testcase>
  <testcase name="test_should_get_help" classname="StaticPagesControllerTest" assertions="2" time="0.00558999995701015">
  </testcase>
</testsuite>
