<?xml version="1.0" encoding="UTF-8"?>
<testsuite name="UsersLoginTest" skipped="0" failures="0" errors="0" tests="5" assertions="24" time="0.07984399987617508">
  <testcase name="test_login_with_valid_information" classname="UsersLoginTest" assertions="6" time="0.02270699996734038">
  </testcase>
  <testcase name="test_login_with_remembering" classname="UsersLoginTest" assertions="1" time="0.010239999974146485">
  </testcase>
  <testcase name="test_login_with_valid_information_followed_by_logout" classname="UsersLoginTest" assertions="12" time="0.028787999995984137">
  </testcase>
  <testcase name="test_login_without_remembering" classname="UsersLoginTest" assertions="1" time="0.004856999963521957">
  </testcase>
  <testcase name="test_login_with_invalid_information" classname="UsersLoginTest" assertions="4" time="0.013251999975182116">
  </testcase>
</testsuite>
