<?xml version="1.0" encoding="UTF-8"?>
<testsuite name="PasswordResetsTest" skipped="0" failures="0" errors="0" tests="2" assertions="19" time="0.11230999999679625">
  <testcase name="test_expired_token" classname="PasswordResetsTest" assertions="1" time="0.04543500003637746">
  </testcase>
  <testcase name="test_password_resets" classname="PasswordResetsTest" assertions="18" time="0.06687499996041879">
  </testcase>
</testsuite>
