<?xml version="1.0" encoding="UTF-8"?>
<testsuite name="UsersProfileTest" skipped="0" failures="0" errors="1" tests="1" assertions="0" time="0.054945999989286065">
  <testcase name="test_profile_display" classname="UsersProfileTest" assertions="0" time="0.054945999989286065">
    <error type="test_profile_display" message="ActiveRecord::Fixture::FixtureError: table &quot;microposts&quot; has no column named &quot;micropost_0&quot;....">
Failure:
test_profile_display(UsersProfileTest) [/Users/dubing/.rvm/gems/ruby-2.4.1/gems/activerecord-5.1.4/lib/active_record/connection_adapters/abstract/database_statements.rb:317]:
ActiveRecord::Fixture::FixtureError: table "microposts" has no column named "micropost_0".
    
    </error>
  </testcase>
</testsuite>
