<?xml version="1.0" encoding="UTF-8"?>
<testsuite name="UsersSignupTest" skipped="0" failures="0" errors="0" tests="2" assertions="5" time="0.40798099990934134">
  <testcase name="test_invalid_signup_information" classname="UsersSignupTest" assertions="2" time="0.29862200003117323">
  </testcase>
  <testcase name="test_valid_signup_information" classname="UsersSignupTest" assertions="3" time="0.1093589998781681">
  </testcase>
</testsuite>
