<?xml version="1.0" encoding="UTF-8"?>
<testsuite name="UserTest" skipped="0" failures="0" errors="0" tests="11" assertions="19" time="0.07176499906927347">
  <testcase name="test_email_address_should_be_unique" classname="UserTest" assertions="1" time="0.007505000103265047">
  </testcase>
  <testcase name="test_password_should_have_a_minimum_length" classname="UserTest" assertions="1" time="0.006246999837458134">
  </testcase>
  <testcase name="test_email_address_should_be_saved_as_lower-case" classname="UserTest" assertions="1" time="0.005736999679356813">
  </testcase>
  <testcase name="test_email_should_not_be_too_long" classname="UserTest" assertions="1" time="0.006984999869018793">
  </testcase>
  <testcase name="test_should_be_valid" classname="UserTest" assertions="1" time="0.003835999872535467">
  </testcase>
  <testcase name="test_email_validation_should_accept_valid_addresses" classname="UserTest" assertions="5" time="0.005793999880552292">
  </testcase>
  <testcase name="test_email_validation_should_reject_invalid_address" classname="UserTest" assertions="5" time="0.013805000111460686">
  </testcase>
  <testcase name="test_name_should_not_be_too_long" classname="UserTest" assertions="1" time="0.0036639999598264694">
  </testcase>
  <testcase name="test_name_should_be_present" classname="UserTest" assertions="1" time="0.00608500000089407">
  </testcase>
  <testcase name="test_password_should_be_present_(nonblank)" classname="UserTest" assertions="1" time="0.007280000019818544">
  </testcase>
  <testcase name="test_email_should_be_present" classname="UserTest" assertions="1" time="0.004826999735087156">
  </testcase>
</testsuite>
