<?xml version="1.0" encoding="UTF-8"?>
<testsuite name="UsersLoginTest" skipped="0" failures="0" errors="0" tests="5" assertions="24" time="1.1191880004480481">
  <testcase name="test_login_without_remembering" classname="UsersLoginTest" assertions="1" time="0.11258300021290779">
  </testcase>
  <testcase name="test_login_with_valid_information_followed_by_logout" classname="UsersLoginTest" assertions="12" time="0.936259999871254">
  </testcase>
  <testcase name="test_login_with_invalid_information" classname="UsersLoginTest" assertions="4" time="0.02561999997124076">
  </testcase>
  <testcase name="test_login_with_remembering" classname="UsersLoginTest" assertions="1" time="0.01749800005927682">
  </testcase>
  <testcase name="test_login_with_valid_information" classname="UsersLoginTest" assertions="6" time="0.027227000333368778">
  </testcase>
</testsuite>
