<?xml version="1.0" encoding="UTF-8"?>
<testsuite name="UsersLoginTest" skipped="0" failures="0" errors="0" tests="3" assertions="22" time="0.1566719999536872">
  <testcase name="test_login_with_invalid_information" classname="UsersLoginTest" assertions="4" time="0.10296100005507469">
  </testcase>
  <testcase name="test_login_with_valid_information" classname="UsersLoginTest" assertions="6" time="0.018823999911546707">
  </testcase>
  <testcase name="test_login_with_valid_information_followed_by_logout" classname="UsersLoginTest" assertions="12" time="0.03488699998706579">
  </testcase>
</testsuite>
