<?xml version="1.0" encoding="UTF-8"?>
<testsuite name="SessionsHelperTest" skipped="0" failures="0" errors="0" tests="2" assertions="3" time="0.02751699974760413">
  <testcase name="test_current_user_returns_nil_when_remember_digest_is_wrong" classname="SessionsHelperTest" assertions="1" time="0.016656999941915274">
  </testcase>
  <testcase name="test_current_user_returns_right_user_when_session_is_nil" classname="SessionsHelperTest" assertions="2" time="0.010859999805688858">
  </testcase>
</testsuite>
