<?xml version="1.0" encoding="UTF-8"?>
<testsuite name="MicropostTest" skipped="0" failures="0" errors="0" tests="4" assertions="4" time="0.026363999932073057">
  <testcase name="test_user_id_should_be_present" classname="MicropostTest" assertions="1" time="0.019290000025648624">
  </testcase>
  <testcase name="test_content_should_be_at_most_140_characters" classname="MicropostTest" assertions="1" time="0.0022949999547563493">
  </testcase>
  <testcase name="test_should_be_valid" classname="MicropostTest" assertions="1" time="0.002453999943099916">
  </testcase>
  <testcase name="test_content_should_be_present" classname="MicropostTest" assertions="1" time="0.0023250000085681677">
  </testcase>
</testsuite>
