<?xml version="1.0" encoding="UTF-8"?>
<testsuite name="UserTest" skipped="0" failures="0" errors="0" tests="11" assertions="19" time="0.2910060007125139">
  <testcase name="test_password_should_have_a_minimum_length" classname="UserTest" assertions="1" time="0.08195200003683567">
  </testcase>
  <testcase name="test_name_should_not_be_too_long" classname="UserTest" assertions="1" time="0.009589000139385462">
  </testcase>
  <testcase name="test_email_address_should_be_saved_as_lower-case" classname="UserTest" assertions="1" time="0.025520000141113997">
  </testcase>
  <testcase name="test_email_validation_should_accept_valid_addresses" classname="UserTest" assertions="5" time="0.03727900004014373">
  </testcase>
  <testcase name="test_name_should_be_present" classname="UserTest" assertions="1" time="0.011667999904602766">
  </testcase>
  <testcase name="test_should_be_valid" classname="UserTest" assertions="1" time="0.010230000130832195">
  </testcase>
  <testcase name="test_email_address_should_be_unique" classname="UserTest" assertions="1" time="0.018484000116586685">
  </testcase>
  <testcase name="test_email_should_be_present" classname="UserTest" assertions="1" time="0.03379300003871322">
  </testcase>
  <testcase name="test_password_should_be_present_(nonblank)" classname="UserTest" assertions="1" time="0.018246000166982412">
  </testcase>
  <testcase name="test_email_validation_should_reject_invalid_address" classname="UserTest" assertions="5" time="0.03089600009843707">
  </testcase>
  <testcase name="test_email_should_not_be_too_long" classname="UserTest" assertions="1" time="0.01334899989888072">
  </testcase>
</testsuite>
