<?xml version="1.0" encoding="UTF-8"?>
<testsuite name="PasswordResetsTest" skipped="0" failures="0" errors="0" tests="2" assertions="19" time="0.22519699996337295">
  <testcase name="test_expired_token" classname="PasswordResetsTest" assertions="1" time="0.1605979999876581">
  </testcase>
  <testcase name="test_password_resets" classname="PasswordResetsTest" assertions="18" time="0.06459899997571483">
  </testcase>
</testsuite>
