<?xml version="1.0" encoding="UTF-8"?>
<testsuite name="UsersLoginTest" skipped="0" failures="0" errors="0" tests="5" assertions="24" time="0.06993300002068281">
  <testcase name="test_login_without_remembering" classname="UsersLoginTest" assertions="1" time="0.004565999959595501">
  </testcase>
  <testcase name="test_login_with_remembering" classname="UsersLoginTest" assertions="1" time="0.007698000001255423">
  </testcase>
  <testcase name="test_login_with_valid_information_followed_by_logout" classname="UsersLoginTest" assertions="12" time="0.029910000041127205">
  </testcase>
  <testcase name="test_login_with_invalid_information" classname="UsersLoginTest" assertions="4" time="0.012389000039547682">
  </testcase>
  <testcase name="test_login_with_valid_information" classname="UsersLoginTest" assertions="6" time="0.015369999979157">
  </testcase>
</testsuite>
