<?xml version="1.0" encoding="UTF-8"?>
<testsuite name="UserTest" skipped="0" failures="0" errors="0" tests="12" assertions="20" time="0.05583899997873232">
  <testcase name="test_should_be_valid" classname="UserTest" assertions="1" time="0.0024400000111199915">
  </testcase>
  <testcase name="test_name_should_not_be_too_long" classname="UserTest" assertions="1" time="0.002789999998640269">
  </testcase>
  <testcase name="test_email_should_not_be_too_long" classname="UserTest" assertions="1" time="0.0026920000091195107">
  </testcase>
  <testcase name="test_email_should_be_present" classname="UserTest" assertions="1" time="0.004235000000335276">
  </testcase>
  <testcase name="test_authenticated?_should_return_false_for_a_user_with_nil_digest" classname="UserTest" assertions="1" time="0.0021269999560900033">
  </testcase>
  <testcase name="test_password_should_be_present_(nonblank)" classname="UserTest" assertions="1" time="0.004022000008262694">
  </testcase>
  <testcase name="test_email_address_should_be_unique" classname="UserTest" assertions="1" time="0.01725500001339242">
  </testcase>
  <testcase name="test_name_should_be_present" classname="UserTest" assertions="1" time="0.0025790000217966735">
  </testcase>
  <testcase name="test_email_validation_should_reject_invalid_address" classname="UserTest" assertions="5" time="0.005005999992135912">
  </testcase>
  <testcase name="test_password_should_have_a_minimum_length" classname="UserTest" assertions="1" time="0.003772999974898994">
  </testcase>
  <testcase name="test_email_validation_should_accept_valid_addresses" classname="UserTest" assertions="5" time="0.00390700000571087">
  </testcase>
  <testcase name="test_email_address_should_be_saved_as_lower-case" classname="UserTest" assertions="1" time="0.005012999987229705">
  </testcase>
</testsuite>
