<?xml version="1.0" encoding="UTF-8"?>
<testsuite name="UsersSignupTest" skipped="0" failures="0" errors="0" tests="2" assertions="6" time="0.14615900022909045">
  <testcase name="test_invalid_signup_information" classname="UsersSignupTest" assertions="2" time="0.11617500009015203">
  </testcase>
  <testcase name="test_valid_signup_information" classname="UsersSignupTest" assertions="4" time="0.029984000138938427">
  </testcase>
</testsuite>
