<?xml version="1.0" encoding="UTF-8"?>
<testsuite name="UserTest" skipped="0" failures="0" errors="0" tests="12" assertions="20" time="0.04450699989683926">
  <testcase name="test_name_should_not_be_too_long" classname="UserTest" assertions="1" time="0.002737000002525747">
  </testcase>
  <testcase name="test_password_should_be_present_(nonblank)" classname="UserTest" assertions="1" time="0.004270999983418733">
  </testcase>
  <testcase name="test_authenticated?_should_return_false_for_a_user_with_nil_digest" classname="UserTest" assertions="1" time="0.0018150000250898302">
  </testcase>
  <testcase name="test_password_should_have_a_minimum_length" classname="UserTest" assertions="1" time="0.00459299999056384">
  </testcase>
  <testcase name="test_should_be_valid" classname="UserTest" assertions="1" time="0.002199999988079071">
  </testcase>
  <testcase name="test_email_should_not_be_too_long" classname="UserTest" assertions="1" time="0.002363000006880611">
  </testcase>
  <testcase name="test_email_address_should_be_unique" classname="UserTest" assertions="1" time="0.006040999956894666">
  </testcase>
  <testcase name="test_email_address_should_be_saved_as_lower-case" classname="UserTest" assertions="1" time="0.004997999989427626">
  </testcase>
  <testcase name="test_email_should_be_present" classname="UserTest" assertions="1" time="0.002605999994557351">
  </testcase>
  <testcase name="test_email_validation_should_reject_invalid_address" classname="UserTest" assertions="5" time="0.0060319999465718865">
  </testcase>
  <testcase name="test_name_should_be_present" classname="UserTest" assertions="1" time="0.002882000000681728">
  </testcase>
  <testcase name="test_email_validation_should_accept_valid_addresses" classname="UserTest" assertions="5" time="0.003969000012148172">
  </testcase>
</testsuite>
